  fuentesDeLuz.cpp
C:\Users\jenyf\source\repos\ConfingInicial\ConfingInicial\fuentesDeLuz.cpp(192,24): warning C4244: 'inicializando': conversión de 'double' a 'GLfloat'; posible pérdida de datos
C:\Users\jenyf\source\repos\ConfingInicial\ConfingInicial\fuentesDeLuz.cpp(232,20): warning C4244: '=': conversión de 'double' a 'T'; posible pérdida de datos
C:\Users\jenyf\source\repos\ConfingInicial\ConfingInicial\fuentesDeLuz.cpp(232,20): warning C4244:         with
C:\Users\jenyf\source\repos\ConfingInicial\ConfingInicial\fuentesDeLuz.cpp(232,20): warning C4244:         [
C:\Users\jenyf\source\repos\ConfingInicial\ConfingInicial\fuentesDeLuz.cpp(232,20): warning C4244:             T=float
C:\Users\jenyf\source\repos\ConfingInicial\ConfingInicial\fuentesDeLuz.cpp(232,20): warning C4244:         ]
C:\Users\jenyf\source\repos\ConfingInicial\ConfingInicial\fuentesDeLuz.cpp(233,20): warning C4244: '=': conversión de 'double' a 'T'; posible pérdida de datos
C:\Users\jenyf\source\repos\ConfingInicial\ConfingInicial\fuentesDeLuz.cpp(233,20): warning C4244:         with
C:\Users\jenyf\source\repos\ConfingInicial\ConfingInicial\fuentesDeLuz.cpp(233,20): warning C4244:         [
C:\Users\jenyf\source\repos\ConfingInicial\ConfingInicial\fuentesDeLuz.cpp(233,20): warning C4244:             T=float
C:\Users\jenyf\source\repos\ConfingInicial\ConfingInicial\fuentesDeLuz.cpp(233,20): warning C4244:         ]
C:\Users\jenyf\source\repos\ConfingInicial\ConfingInicial\fuentesDeLuz.cpp(234,20): warning C4244: '=': conversión de 'double' a 'T'; posible pérdida de datos
C:\Users\jenyf\source\repos\ConfingInicial\ConfingInicial\fuentesDeLuz.cpp(234,20): warning C4244:         with
C:\Users\jenyf\source\repos\ConfingInicial\ConfingInicial\fuentesDeLuz.cpp(234,20): warning C4244:         [
C:\Users\jenyf\source\repos\ConfingInicial\ConfingInicial\fuentesDeLuz.cpp(234,20): warning C4244:             T=float
C:\Users\jenyf\source\repos\ConfingInicial\ConfingInicial\fuentesDeLuz.cpp(234,20): warning C4244:         ]
C:\Users\jenyf\source\repos\ConfingInicial\ConfingInicial\fuentesDeLuz.cpp(478,11): warning C4244: '=': conversión de 'double' a 'GLfloat'; posible pérdida de datos
C:\Users\jenyf\source\repos\ConfingInicial\ConfingInicial\fuentesDeLuz.cpp(479,11): warning C4244: '=': conversión de 'double' a 'GLfloat'; posible pérdida de datos
C:\Users\jenyf\source\repos\ConfingInicial\ConfingInicial\fuentesDeLuz.cpp(483,18): warning C4244: 'inicializando': conversión de 'double' a 'GLfloat'; posible pérdida de datos
C:\Users\jenyf\source\repos\ConfingInicial\ConfingInicial\fuentesDeLuz.cpp(484,18): warning C4244: 'inicializando': conversión de 'double' a 'GLfloat'; posible pérdida de datos
C:\Users\jenyf\source\repos\ConfingInicial\ConfingInicial\fuentesDeLuz.cpp(486,10): warning C4244: '=': conversión de 'double' a 'GLfloat'; posible pérdida de datos
C:\Users\jenyf\source\repos\ConfingInicial\ConfingInicial\fuentesDeLuz.cpp(487,10): warning C4244: '=': conversión de 'double' a 'GLfloat'; posible pérdida de datos
LINK : warning LNK4098: la biblioteca predeterminada'MSVCRT' entra en conflicto con otras bibliotecas; use la biblioteca /NODEFAULTLIB:biblioteca
soil2-debug.lib(etc1_utils.obj) : warning LNK4099: no se encontró PDB 'soil2-debug.pdb' con 'soil2-debug.lib(etc1_utils.obj)' o en 'C:\Users\jenyf\source\repos\ConfingInicial\Debug\soil2-debug.pdb'; se vinculará el objeto sin tener en cuenta información de depuración
soil2-debug.lib(image_DXT.obj) : warning LNK4099: no se encontró PDB 'soil2-debug.pdb' con 'soil2-debug.lib(image_DXT.obj)' o en 'C:\Users\jenyf\source\repos\ConfingInicial\Debug\soil2-debug.pdb'; se vinculará el objeto sin tener en cuenta información de depuración
soil2-debug.lib(image_helper.obj) : warning LNK4099: no se encontró PDB 'soil2-debug.pdb' con 'soil2-debug.lib(image_helper.obj)' o en 'C:\Users\jenyf\source\repos\ConfingInicial\Debug\soil2-debug.pdb'; se vinculará el objeto sin tener en cuenta información de depuración
soil2-debug.lib(SOIL2.obj) : warning LNK4099: no se encontró PDB 'soil2-debug.pdb' con 'soil2-debug.lib(SOIL2.obj)' o en 'C:\Users\jenyf\source\repos\ConfingInicial\Debug\soil2-debug.pdb'; se vinculará el objeto sin tener en cuenta información de depuración
  ConfingInicial.vcxproj -> C:\Users\jenyf\source\repos\ConfingInicial\Debug\ConfingInicial.exe
